<?xml version="1.0" encoding="UTF-8"?>
<!-- Generated by org.testng.reporters.JUnitReportReporter -->
<testsuite hostname="NavneetPersonal" failures="0" tests="3" name="com.Testcases.LoginPageTest" time="44.901" errors="0" timestamp="2023-01-24T19:28:55 IST" skipped="0">
  <testcase classname="com.Testcases.LoginPageTest" name="loginPageTitleTest" time="9.910"/>
  <system-out/>
  <testcase classname="com.Testcases.LoginPageTest" name="logotest" time="11.027"/>
  <system-out/>
  <testcase classname="com.Testcases.LoginPageTest" name="loginTest" time="23.964"/>
  <system-out/>
</testsuite> <!-- com.Testcases.LoginPageTest -->
