<?xml version="1.0" encoding="UTF-8"?>
<!-- Generated by org.testng.reporters.JUnitReportReporter -->
<testsuite hostname="NavneetPersonal" failures="0" tests="2" name="com.Testcases.ContactsPageTest" time="65.712" errors="0" timestamp="2023-01-24T19:28:55 IST" skipped="0">
  <testcase classname="com.Testcases.ContactsPageTest" name="verifyLabel" time="29.469"/>
  <system-out/>
  <testcase classname="com.Testcases.ContactsPageTest" name="selectContacts" time="36.243"/>
  <system-out/>
</testsuite> <!-- com.Testcases.ContactsPageTest -->
