<?xml version="1.0" encoding="UTF-8"?>
<!-- Generated by org.testng.reporters.JUnitReportReporter -->
<testsuite hostname="NavneetPersonal" failures="0" tests="3" name="com.Testcases.HomePageTest" time="78.905" errors="0" timestamp="2023-01-24T19:28:55 IST" skipped="0">
  <testcase classname="com.Testcases.HomePageTest" name="verifyHomePageTitle" time="22.877"/>
  <system-out/>
  <testcase classname="com.Testcases.HomePageTest" name="verifyUserNameTest" time="23.469"/>
  <system-out/>
  <testcase classname="com.Testcases.HomePageTest" name="clickContactsBtn" time="32.559"/>
  <system-out/>
</testsuite> <!-- com.Testcases.HomePageTest -->
